<?xml version="1.0" encoding="utf-8"?><testsuites name="pytest tests"><testsuite name="pytest" errors="0" failures="0" skipped="1" tests="36" time="2.493" timestamp="2026-06-24T14:49:16.591284+00:00" hostname="agent-env-fde111ca-c1ab-418e-9b25-fd4bafb6c4d9"><testcase classname="backend_test.TestAuth" name="test_root" time="0.004" /><testcase classname="backend_test.TestAuth" name="test_login_admin" time="0.227" /><testcase classname="backend_test.TestAuth" name="test_login_artist_seeded" time="0.231" /><testcase classname="backend_test.TestAuth" name="test_login_invalid" time="0.227" /><testcase classname="backend_test.TestAuth" name="test_register_and_me" time="0.234" /><testcase classname="backend_test.TestAuth" name="test_me_requires_token" time="0.001" /><testcase classname="backend_test.TestAuth" name="test_register_duplicate" time="0.002" /><testcase classname="backend_test.TestArtists" name="test_search_basic" time="0.004" /><testcase classname="backend_test.TestArtists" name="test_search_with_filters" time="0.003" /><testcase classname="backend_test.TestArtists" name="test_featured" time="0.004" /><testcase classname="backend_test.TestArtists" name="test_priya_profile" time="0.238" /><testcase classname="backend_test.TestArtists" name="test_categories_cities" time="0.003" /><testcase classname="backend_test.TestPackages" name="test_mine_and_crud" time="0.009" /><testcase classname="backend_test.TestBookingFlow" name="test_booking_pricing_breakdown" time="0.008" /><testcase classname="backend_test.TestBookingFlow" name="test_payment_init_and_verify" time="0.006" /><testcase classname="backend_test.TestBookingFlow" name="test_payment_wrong_otp" time="0.005" /><testcase classname="backend_test.TestBookingFlow" name="test_artist_accept_creates_contract" time="0.006" /><testcase classname="backend_test.TestBookingFlow" name="test_artist_complete_then_customer_approve" time="0.010" /><testcase classname="backend_test.TestBookingFlow" name="test_unauth_action_forbidden" time="0.001" /><testcase classname="backend_test.TestReviews" name="test_create_and_list_review" time="0.007" /><testcase classname="backend_test.TestWallet" name="test_wallet_balance_and_tx" time="0.011" /><testcase classname="backend_test.TestWallet" name="test_withdraw" time="0.007" /><testcase classname="backend_test.TestMedia" name="test_upload_get_delete" time="0.012" /><testcase classname="backend_test.TestAvailability" name="test_block_and_booking_rejected" time="0.011" /><testcase classname="backend_test.TestAdmin" name="test_stats_admin_only" time="0.268" /><testcase classname="backend_test.TestAdmin" name="test_admin_lists" time="0.011" /><testcase classname="backend_test.TestAdmin" name="test_create_coupon" time="0.005" /><testcase classname="backend_test.TestKYC" name="test_submit" time="0.006" /><testcase classname="backend_test.TestPaymentsConfig" name="test_payment_config_public" time="0.001" /><testcase classname="backend_test.TestPaymentInitGateway" name="test_init_returns_razorpay_mock" time="0.014" /><testcase classname="backend_test.TestContractsAndInvoicePDF" name="test_contract_list_and_pdf" time="0.059" /><testcase classname="backend_test.TestContractsAndInvoicePDF" name="test_contract_pdf_forbidden_for_stranger" time="0.463"><skipped type="pytest.skip" message="admin cannot list all contracts in this impl">/app/backend/tests/backend_test.py:526: admin cannot list all contracts in this impl</skipped></testcase><testcase classname="backend_test.TestContractsAndInvoicePDF" name="test_invoice_pdf" time="0.011" /><testcase classname="backend_test.TestContractsAndInvoicePDF" name="test_invoice_pdf_forbidden" time="0.234" /><testcase classname="backend_test.TestRefund" name="test_refund_admin_only" time="0.023" /><testcase classname="backend_test.TestWebhook" name="test_webhook_disabled_when_no_keys" time="0.001" /></testsuite></testsuites>